{"/home/vmrad/core_projects/clearline/clearline7-monorepo/packages/set-definitions/src/BlogPosts.ts": {"path":"/home/vmrad/core_projects/clearline/clearline7-monorepo/packages/set-definitions/src/BlogPosts.ts","statementMap":{"0":{"start":{"line":3,"column":18},"end":{"line":56,"column":null}}},"fnMap":{},"branchMap":{},"s":{"0":1},"f":{},"b":{},"meta":{"lastBranch":0,"lastFunction":0,"lastStatement":1,"seen":{"s:3:18:56:Infinity":0}}}
,"/home/vmrad/core_projects/clearline/clearline7-monorepo/packages/set-definitions/src/Clearline7.ts": {"path":"/home/vmrad/core_projects/clearline/clearline7-monorepo/packages/set-definitions/src/Clearline7.ts","statementMap":{"0":{"start":{"line":3,"column":19},"end":{"line":55,"column":null}}},"fnMap":{},"branchMap":{},"s":{"0":1},"f":{},"b":{},"meta":{"lastBranch":0,"lastFunction":0,"lastStatement":1,"seen":{"s:3:19:55:Infinity":0}}}
,"/home/vmrad/core_projects/clearline/clearline7-monorepo/packages/set-definitions/src/ClericalOfficePro.ts": {"path":"/home/vmrad/core_projects/clearline/clearline7-monorepo/packages/set-definitions/src/ClericalOfficePro.ts","statementMap":{"0":{"start":{"line":3,"column":26},"end":{"line":45,"column":null}}},"fnMap":{},"branchMap":{},"s":{"0":1},"f":{},"b":{},"meta":{"lastBranch":0,"lastFunction":0,"lastStatement":1,"seen":{"s:3:26:45:Infinity":0}}}
,"/home/vmrad/core_projects/clearline/clearline7-monorepo/packages/set-definitions/src/ClerkRoomStandard.ts": {"path":"/home/vmrad/core_projects/clearline/clearline7-monorepo/packages/set-definitions/src/ClerkRoomStandard.ts","statementMap":{"0":{"start":{"line":3,"column":26},"end":{"line":45,"column":null}}},"fnMap":{},"branchMap":{},"s":{"0":1},"f":{},"b":{},"meta":{"lastBranch":0,"lastFunction":0,"lastStatement":1,"seen":{"s:3:26:45:Infinity":0}}}
,"/home/vmrad/core_projects/clearline/clearline7-monorepo/packages/set-definitions/src/FederalFlow.ts": {"path":"/home/vmrad/core_projects/clearline/clearline7-monorepo/packages/set-definitions/src/FederalFlow.ts","statementMap":{"0":{"start":{"line":3,"column":20},"end":{"line":45,"column":null}}},"fnMap":{},"branchMap":{},"s":{"0":1},"f":{},"b":{},"meta":{"lastBranch":0,"lastFunction":0,"lastStatement":1,"seen":{"s:3:20:45:Infinity":0}}}
,"/home/vmrad/core_projects/clearline/clearline7-monorepo/packages/set-definitions/src/SetDefinition.ts": {"path":"/home/vmrad/core_projects/clearline/clearline7-monorepo/packages/set-definitions/src/SetDefinition.ts","statementMap":{"0":{"start":{"line":66,"column":4},"end":{"line":77,"column":null}},"1":{"start":{"line":80,"column":4},"end":{"line":95,"column":null}},"2":{"start":{"line":98,"column":25},"end":{"line":108,"column":null}},"3":{"start":{"line":110,"column":4},"end":{"line":119,"column":null}},"4":{"start":{"line":122,"column":4},"end":{"line":127,"column":null}},"5":{"start":{"line":130,"column":4},"end":{"line":135,"column":null}},"6":{"start":{"line":140,"column":22},"end":{"line":142,"column":null}},"7":{"start":{"line":141,"column":29},"end":{"line":141,"column":56}},"8":{"start":{"line":143,"column":21},"end":{"line":145,"column":null}},"9":{"start":{"line":144,"column":29},"end":{"line":144,"column":55}},"10":{"start":{"line":146,"column":23},"end":{"line":148,"column":null}},"11":{"start":{"line":147,"column":29},"end":{"line":147,"column":57}},"12":{"start":{"line":149,"column":23},"end":{"line":151,"column":null}},"13":{"start":{"line":150,"column":29},"end":{"line":150,"column":57}},"14":{"start":{"line":153,"column":22},"end":{"line":153,"column":null}},"15":{"start":{"line":154,"column":4},"end":{"line":154,"column":null}},"16":{"start":{"line":154,"column":38},"end":{"line":154,"column":null}},"17":{"start":{"line":155,"column":4},"end":{"line":159,"column":null}},"18":{"start":{"line":156,"column":6},"end":{"line":158,"column":null}},"19":{"start":{"line":157,"column":31},"end":{"line":157,"column":58}},"20":{"start":{"line":161,"column":4},"end":{"line":161,"column":null}},"21":{"start":{"line":165,"column":4},"end":{"line":175,"column":null}},"22":{"start":{"line":179,"column":4},"end":{"line":211,"column":null}}},"fnMap":{"0":{"name":"(anonymous_0)","decl":{"start":{"line":58,"column":2},"end":{"line":58,"column":null}},"loc":{"start":{"line":64,"column":4},"end":{"line":136,"column":null}},"line":64},"1":{"name":"(anonymous_1)","decl":{"start":{"line":139,"column":2},"end":{"line":139,"column":18}},"loc":{"start":{"line":139,"column":18},"end":{"line":162,"column":null}},"line":139},"2":{"name":"(anonymous_2)","decl":{"start":{"line":141,"column":11},"end":{"line":141,"column":12}},"loc":{"start":{"line":141,"column":29},"end":{"line":141,"column":56}},"line":141},"3":{"name":"(anonymous_3)","decl":{"start":{"line":144,"column":11},"end":{"line":144,"column":12}},"loc":{"start":{"line":144,"column":29},"end":{"line":144,"column":55}},"line":144},"4":{"name":"(anonymous_4)","decl":{"start":{"line":147,"column":11},"end":{"line":147,"column":12}},"loc":{"start":{"line":147,"column":29},"end":{"line":147,"column":57}},"line":147},"5":{"name":"(anonymous_5)","decl":{"start":{"line":150,"column":11},"end":{"line":150,"column":12}},"loc":{"start":{"line":150,"column":29},"end":{"line":150,"column":57}},"line":150},"6":{"name":"(anonymous_6)","decl":{"start":{"line":157,"column":13},"end":{"line":157,"column":14}},"loc":{"start":{"line":157,"column":31},"end":{"line":157,"column":58}},"line":157},"7":{"name":"(anonymous_7)","decl":{"start":{"line":164,"column":2},"end":{"line":164,"column":19}},"loc":{"start":{"line":164,"column":19},"end":{"line":176,"column":null}},"line":164},"8":{"name":"(anonymous_8)","decl":{"start":{"line":178,"column":2},"end":{"line":178,"column":27}},"loc":{"start":{"line":178,"column":27},"end":{"line":215,"column":null}},"line":178}},"branchMap":{"0":{"loc":{"start":{"line":59,"column":4},"end":{"line":59,"column":null}},"type":"default-arg","locations":[{"start":{"line":59,"column":39},"end":{"line":59,"column":null}}],"line":59},"1":{"loc":{"start":{"line":60,"column":4},"end":{"line":60,"column":null}},"type":"default-arg","locations":[{"start":{"line":60,"column":48},"end":{"line":60,"column":null}}],"line":60},"2":{"loc":{"start":{"line":61,"column":4},"end":{"line":61,"column":null}},"type":"default-arg","locations":[{"start":{"line":61,"column":42},"end":{"line":61,"column":null}}],"line":61},"3":{"loc":{"start":{"line":62,"column":4},"end":{"line":62,"column":null}},"type":"default-arg","locations":[{"start":{"line":62,"column":40},"end":{"line":62,"column":null}}],"line":62},"4":{"loc":{"start":{"line":63,"column":4},"end":{"line":63,"column":null}},"type":"default-arg","locations":[{"start":{"line":63,"column":41},"end":{"line":63,"column":null}}],"line":63},"5":{"loc":{"start":{"line":154,"column":4},"end":{"line":154,"column":null}},"type":"if","locations":[{"start":{"line":154,"column":4},"end":{"line":154,"column":null}},{"start":{},"end":{}}],"line":154},"6":{"loc":{"start":{"line":155,"column":4},"end":{"line":159,"column":null}},"type":"if","locations":[{"start":{"line":155,"column":4},"end":{"line":159,"column":null}},{"start":{},"end":{}}],"line":155}},"s":{"0":43,"1":43,"2":43,"3":43,"4":43,"5":43,"6":25,"7":225,"8":25,"9":325,"10":25,"11":75,"12":25,"13":75,"14":25,"15":25,"16":24,"17":25,"18":25,"19":228,"20":25,"21":19,"22":24},"f":{"0":43,"1":25,"2":225,"3":325,"4":75,"5":75,"6":228,"7":19,"8":24},"b":{"0":[43],"1":[43],"2":[43],"3":[43],"4":[43],"5":[24,1],"6":[25,0]},"meta":{"lastBranch":7,"lastFunction":9,"lastStatement":23,"seen":{"f:58:2:58:Infinity":0,"b:59:39:59:Infinity":0,"b:60:48:60:Infinity":1,"b:61:42:61:Infinity":2,"b:62:40:62:Infinity":3,"b:63:41:63:Infinity":4,"s:66:4:77:Infinity":0,"s:80:4:95:Infinity":1,"s:98:25:108:Infinity":2,"s:110:4:119:Infinity":3,"s:122:4:127:Infinity":4,"s:130:4:135:Infinity":5,"f:139:2:139:18":1,"s:140:22:142:Infinity":6,"f:141:11:141:12":2,"s:141:29:141:56":7,"s:143:21:145:Infinity":8,"f:144:11:144:12":3,"s:144:29:144:55":9,"s:146:23:148:Infinity":10,"f:147:11:147:12":4,"s:147:29:147:57":11,"s:149:23:151:Infinity":12,"f:150:11:150:12":5,"s:150:29:150:57":13,"s:153:22:153:Infinity":14,"b:154:4:154:Infinity:undefined:undefined:undefined:undefined":5,"s:154:4:154:Infinity":15,"s:154:38:154:Infinity":16,"b:155:4:159:Infinity:undefined:undefined:undefined:undefined":6,"s:155:4:159:Infinity":17,"s:156:6:158:Infinity":18,"f:157:13:157:14":6,"s:157:31:157:58":19,"s:161:4:161:Infinity":20,"f:164:2:164:19":7,"s:165:4:175:Infinity":21,"f:178:2:178:27":8,"s:179:4:211:Infinity":22}}}
,"/home/vmrad/core_projects/clearline/clearline7-monorepo/packages/set-definitions/src/TechDocs.ts": {"path":"/home/vmrad/core_projects/clearline/clearline7-monorepo/packages/set-definitions/src/TechDocs.ts","statementMap":{"0":{"start":{"line":3,"column":17},"end":{"line":56,"column":null}}},"fnMap":{},"branchMap":{},"s":{"0":1},"f":{},"b":{},"meta":{"lastBranch":0,"lastFunction":0,"lastStatement":1,"seen":{"s:3:17:56:Infinity":0}}}
,"/home/vmrad/core_projects/clearline/clearline7-monorepo/packages/set-definitions/src/WikiGuidelines.ts": {"path":"/home/vmrad/core_projects/clearline/clearline7-monorepo/packages/set-definitions/src/WikiGuidelines.ts","statementMap":{"0":{"start":{"line":3,"column":23},"end":{"line":45,"column":null}}},"fnMap":{},"branchMap":{},"s":{"0":1},"f":{},"b":{},"meta":{"lastBranch":0,"lastFunction":0,"lastStatement":1,"seen":{"s:3:23:45:Infinity":0}}}
}
