{"/home/user/cl7-monorepo/packages/generators/src/generators/wordGenerator.ts": {"path":"/home/user/cl7-monorepo/packages/generators/src/generators/wordGenerator.ts","statementMap":{"0":{"start":{"line":6,"column":14},"end":{"line":62,"column":null}},"1":{"start":{"line":64,"column":17},"end":{"line":64,"column":null}},"2":{"start":{"line":65,"column":2},"end":{"line":65,"column":null}}},"fnMap":{"0":{"name":"generateWordMemo","decl":{"start":{"line":5,"column":22},"end":{"line":5,"column":39}},"loc":{"start":{"line":5,"column":82},"end":{"line":66,"column":null}},"line":5}},"branchMap":{},"s":{"0":21,"1":21,"2":21},"f":{"0":21},"b":{},"meta":{"lastBranch":0,"lastFunction":1,"lastStatement":3,"seen":{"f:5:22:5:39":0,"s:6:14:62:Infinity":0,"s:64:17:64:Infinity":1,"s:65:2:65:Infinity":2}}}
}
