{"/home/user/cl7-monorepo/packages/components/src/Heading.tsx": {"path":"/home/user/cl7-monorepo/packages/components/src/Heading.tsx","statementMap":{"0":{"start":{"line":12,"column":8},"end":{"line":12,"column":null}},"1":{"start":{"line":13,"column":14},"end":{"line":13,"column":null}},"2":{"start":{"line":15,"column":35},"end":{"line":21,"column":null}},"3":{"start":{"line":23,"column":2},"end":{"line":23,"column":null}},"4":{"start":{"line":26,"column":18},"end":{"line":26,"column":null}},"5":{"start":{"line":26,"column":58},"end":{"line":26,"column":null}},"6":{"start":{"line":27,"column":18},"end":{"line":27,"column":null}},"7":{"start":{"line":27,"column":58},"end":{"line":27,"column":null}},"8":{"start":{"line":28,"column":18},"end":{"line":28,"column":null}},"9":{"start":{"line":28,"column":58},"end":{"line":28,"column":null}}},"fnMap":{"0":{"name":"Heading","decl":{"start":{"line":11,"column":16},"end":{"line":11,"column":24}},"loc":{"start":{"line":11,"column":66},"end":{"line":24,"column":null}},"line":11},"1":{"name":"(anonymous_1)","decl":{"start":{"line":26,"column":18},"end":{"line":26,"column":19}},"loc":{"start":{"line":26,"column":58},"end":{"line":26,"column":null}},"line":26},"2":{"name":"(anonymous_2)","decl":{"start":{"line":27,"column":18},"end":{"line":27,"column":19}},"loc":{"start":{"line":27,"column":58},"end":{"line":27,"column":null}},"line":27},"3":{"name":"(anonymous_3)","decl":{"start":{"line":28,"column":18},"end":{"line":28,"column":19}},"loc":{"start":{"line":28,"column":58},"end":{"line":28,"column":null}},"line":28}},"branchMap":{},"s":{"0":27,"1":27,"2":27,"3":27,"4":1,"5":2,"6":1,"7":2,"8":1,"9":1},"f":{"0":27,"1":2,"2":2,"3":1},"b":{},"meta":{"lastBranch":0,"lastFunction":4,"lastStatement":10,"seen":{"f:11:16:11:24":0,"s:12:8:12:Infinity":0,"s:13:14:13:Infinity":1,"s:15:35:21:Infinity":2,"s:23:2:23:Infinity":3,"s:26:18:26:Infinity":4,"f:26:18:26:19":1,"s:26:58:26:Infinity":5,"s:27:18:27:Infinity":6,"f:27:18:27:19":2,"s:27:58:27:Infinity":7,"s:28:18:28:Infinity":8,"f:28:18:28:19":3,"s:28:58:28:Infinity":9}}}
,"/home/user/cl7-monorepo/packages/components/src/Paragraph.tsx": {"path":"/home/user/cl7-monorepo/packages/components/src/Paragraph.tsx","statementMap":{"0":{"start":{"line":10,"column":8},"end":{"line":10,"column":null}},"1":{"start":{"line":12,"column":35},"end":{"line":19,"column":null}},"2":{"start":{"line":21,"column":2},"end":{"line":21,"column":null}}},"fnMap":{"0":{"name":"Paragraph","decl":{"start":{"line":9,"column":16},"end":{"line":9,"column":26}},"loc":{"start":{"line":9,"column":63},"end":{"line":22,"column":null}},"line":9}},"branchMap":{},"s":{"0":26,"1":26,"2":26},"f":{"0":26},"b":{},"meta":{"lastBranch":0,"lastFunction":1,"lastStatement":3,"seen":{"f:9:16:9:26":0,"s:10:8:10:Infinity":0,"s:12:35:19:Infinity":1,"s:21:2:21:Infinity":2}}}
}
