{"/home/vmrad/core_projects/clearline/clearline7-monorepo/packages/components/src/document/Blockquote/Blockquote.tsx": {"path":"/home/vmrad/core_projects/clearline/clearline7-monorepo/packages/components/src/document/Blockquote/Blockquote.tsx","statementMap":{"0":{"start":{"line":10,"column":8},"end":{"line":10,"column":null}},"1":{"start":{"line":12,"column":35},"end":{"line":23,"column":null}},"2":{"start":{"line":25,"column":2},"end":{"line":25,"column":null}}},"fnMap":{"0":{"name":"Blockquote","decl":{"start":{"line":9,"column":16},"end":{"line":9,"column":27}},"loc":{"start":{"line":9,"column":65},"end":{"line":26,"column":null}},"line":9}},"branchMap":{},"s":{"0":34,"1":34,"2":34},"f":{"0":34},"b":{},"meta":{"lastBranch":0,"lastFunction":1,"lastStatement":3,"seen":{"f:9:16:9:27":0,"s:10:8:10:Infinity":0,"s:12:35:23:Infinity":1,"s:25:2:25:Infinity":2}}}
,"/home/vmrad/core_projects/clearline/clearline7-monorepo/packages/components/src/document/Blockquote/index.ts": {"path":"/home/vmrad/core_projects/clearline/clearline7-monorepo/packages/components/src/document/Blockquote/index.ts","statementMap":{},"fnMap":{},"branchMap":{},"s":{},"f":{},"b":{},"meta":{"lastBranch":0,"lastFunction":0,"lastStatement":0,"seen":{}}}
,"/home/vmrad/core_projects/clearline/clearline7-monorepo/packages/components/src/document/Blockquote/motion.ts": {"path":"/home/vmrad/core_projects/clearline/clearline7-monorepo/packages/components/src/document/Blockquote/motion.ts","statementMap":{"0":{"start":{"line":2,"column":22},"end":{"line":8,"column":null}}},"fnMap":{},"branchMap":{},"s":{"0":0},"f":{},"b":{},"meta":{"lastBranch":0,"lastFunction":0,"lastStatement":1,"seen":{"s:2:22:8:Infinity":0}}}
,"/home/vmrad/core_projects/clearline/clearline7-monorepo/packages/components/src/document/Card/Card.tsx": {"path":"/home/vmrad/core_projects/clearline/clearline7-monorepo/packages/components/src/document/Card/Card.tsx","statementMap":{"0":{"start":{"line":10,"column":8},"end":{"line":10,"column":null}},"1":{"start":{"line":12,"column":35},"end":{"line":20,"column":null}},"2":{"start":{"line":22,"column":2},"end":{"line":22,"column":null}}},"fnMap":{"0":{"name":"Card","decl":{"start":{"line":9,"column":16},"end":{"line":9,"column":21}},"loc":{"start":{"line":9,"column":53},"end":{"line":23,"column":null}},"line":9}},"branchMap":{},"s":{"0":65,"1":65,"2":65},"f":{"0":65},"b":{},"meta":{"lastBranch":0,"lastFunction":1,"lastStatement":3,"seen":{"f:9:16:9:21":0,"s:10:8:10:Infinity":0,"s:12:35:20:Infinity":1,"s:22:2:22:Infinity":2}}}
,"/home/vmrad/core_projects/clearline/clearline7-monorepo/packages/components/src/document/Card/index.ts": {"path":"/home/vmrad/core_projects/clearline/clearline7-monorepo/packages/components/src/document/Card/index.ts","statementMap":{},"fnMap":{},"branchMap":{},"s":{},"f":{},"b":{},"meta":{"lastBranch":0,"lastFunction":0,"lastStatement":0,"seen":{}}}
,"/home/vmrad/core_projects/clearline/clearline7-monorepo/packages/components/src/document/Code/Code.tsx": {"path":"/home/vmrad/core_projects/clearline/clearline7-monorepo/packages/components/src/document/Code/Code.tsx","statementMap":{"0":{"start":{"line":11,"column":8},"end":{"line":11,"column":null}},"1":{"start":{"line":13,"column":35},"end":{"line":24,"column":null}},"2":{"start":{"line":26,"column":14},"end":{"line":26,"column":null}},"3":{"start":{"line":28,"column":2},"end":{"line":28,"column":null}}},"fnMap":{"0":{"name":"Code","decl":{"start":{"line":10,"column":16},"end":{"line":10,"column":21}},"loc":{"start":{"line":10,"column":69},"end":{"line":29,"column":null}},"line":10}},"branchMap":{"0":{"loc":{"start":{"line":10,"column":33},"end":{"line":10,"column":49}},"type":"default-arg","locations":[{"start":{"line":10,"column":42},"end":{"line":10,"column":49}}],"line":10},"1":{"loc":{"start":{"line":15,"column":14},"end":{"line":15,"column":null}},"type":"cond-expr","locations":[{"start":{"line":15,"column":23},"end":{"line":15,"column":33}},{"start":{"line":15,"column":33},"end":{"line":15,"column":null}}],"line":15},"2":{"loc":{"start":{"line":16,"column":11},"end":{"line":16,"column":null}},"type":"cond-expr","locations":[{"start":{"line":16,"column":20},"end":{"line":16,"column":42}},{"start":{"line":16,"column":42},"end":{"line":16,"column":null}}],"line":16},"3":{"loc":{"start":{"line":18,"column":13},"end":{"line":18,"column":null}},"type":"cond-expr","locations":[{"start":{"line":18,"column":22},"end":{"line":18,"column":38}},{"start":{"line":18,"column":38},"end":{"line":18,"column":null}}],"line":18},"4":{"loc":{"start":{"line":18,"column":38},"end":{"line":18,"column":null}},"type":"binary-expr","locations":[{"start":{"line":18,"column":38},"end":{"line":18,"column":68}},{"start":{"line":18,"column":68},"end":{"line":18,"column":null}}],"line":18},"5":{"loc":{"start":{"line":20,"column":13},"end":{"line":20,"column":null}},"type":"cond-expr","locations":[{"start":{"line":20,"column":22},"end":{"line":20,"column":33}},{"start":{"line":20,"column":33},"end":{"line":20,"column":null}}],"line":20},"6":{"loc":{"start":{"line":21,"column":18},"end":{"line":21,"column":null}},"type":"cond-expr","locations":[{"start":{"line":21,"column":27},"end":{"line":21,"column":33}},{"start":{"line":21,"column":33},"end":{"line":21,"column":null}}],"line":21},"7":{"loc":{"start":{"line":22,"column":15},"end":{"line":22,"column":null}},"type":"cond-expr","locations":[{"start":{"line":22,"column":24},"end":{"line":22,"column":36}},{"start":{"line":22,"column":36},"end":{"line":22,"column":null}}],"line":22},"8":{"loc":{"start":{"line":26,"column":14},"end":{"line":26,"column":null}},"type":"cond-expr","locations":[{"start":{"line":26,"column":23},"end":{"line":26,"column":32}},{"start":{"line":26,"column":32},"end":{"line":26,"column":null}}],"line":26}},"s":{"0":67,"1":67,"2":67,"3":67},"f":{"0":67},"b":{"0":[67],"1":[41,26],"2":[41,26],"3":[41,26],"4":[26,0],"5":[41,26],"6":[41,26],"7":[41,26],"8":[41,26]},"meta":{"lastBranch":9,"lastFunction":1,"lastStatement":4,"seen":{"f:10:16:10:21":0,"b:10:42:10:49":0,"s:11:8:11:Infinity":0,"s:13:35:24:Infinity":1,"b:15:23:15:33:15:33:15:Infinity":1,"b:16:20:16:42:16:42:16:Infinity":2,"b:18:22:18:38:18:38:18:Infinity":3,"b:18:38:18:68:18:68:18:Infinity":4,"b:20:22:20:33:20:33:20:Infinity":5,"b:21:27:21:33:21:33:21:Infinity":6,"b:22:24:22:36:22:36:22:Infinity":7,"s:26:14:26:Infinity":2,"b:26:23:26:32:26:32:26:Infinity":8,"s:28:2:28:Infinity":3}}}
,"/home/vmrad/core_projects/clearline/clearline7-monorepo/packages/components/src/document/Code/index.ts": {"path":"/home/vmrad/core_projects/clearline/clearline7-monorepo/packages/components/src/document/Code/index.ts","statementMap":{},"fnMap":{},"branchMap":{},"s":{},"f":{},"b":{},"meta":{"lastBranch":0,"lastFunction":0,"lastStatement":0,"seen":{}}}
,"/home/vmrad/core_projects/clearline/clearline7-monorepo/packages/components/src/document/Heading/Heading.tsx": {"path":"/home/vmrad/core_projects/clearline/clearline7-monorepo/packages/components/src/document/Heading/Heading.tsx","statementMap":{"0":{"start":{"line":12,"column":8},"end":{"line":12,"column":null}},"1":{"start":{"line":13,"column":14},"end":{"line":13,"column":null}},"2":{"start":{"line":15,"column":35},"end":{"line":21,"column":null}},"3":{"start":{"line":23,"column":2},"end":{"line":23,"column":null}},"4":{"start":{"line":26,"column":18},"end":{"line":26,"column":null}},"5":{"start":{"line":26,"column":58},"end":{"line":26,"column":null}},"6":{"start":{"line":27,"column":18},"end":{"line":27,"column":null}},"7":{"start":{"line":27,"column":58},"end":{"line":27,"column":null}},"8":{"start":{"line":28,"column":18},"end":{"line":28,"column":null}},"9":{"start":{"line":28,"column":58},"end":{"line":28,"column":null}}},"fnMap":{"0":{"name":"Heading","decl":{"start":{"line":11,"column":16},"end":{"line":11,"column":24}},"loc":{"start":{"line":11,"column":66},"end":{"line":24,"column":null}},"line":11},"1":{"name":"(anonymous_1)","decl":{"start":{"line":26,"column":18},"end":{"line":26,"column":19}},"loc":{"start":{"line":26,"column":58},"end":{"line":26,"column":null}},"line":26},"2":{"name":"(anonymous_2)","decl":{"start":{"line":27,"column":18},"end":{"line":27,"column":19}},"loc":{"start":{"line":27,"column":58},"end":{"line":27,"column":null}},"line":27},"3":{"name":"(anonymous_3)","decl":{"start":{"line":28,"column":18},"end":{"line":28,"column":19}},"loc":{"start":{"line":28,"column":58},"end":{"line":28,"column":null}},"line":28}},"branchMap":{},"s":{"0":139,"1":139,"2":139,"3":139,"4":2,"5":16,"6":2,"7":44,"8":2,"9":57},"f":{"0":139,"1":16,"2":44,"3":57},"b":{},"meta":{"lastBranch":0,"lastFunction":4,"lastStatement":10,"seen":{"f:11:16:11:24":0,"s:12:8:12:Infinity":0,"s:13:14:13:Infinity":1,"s:15:35:21:Infinity":2,"s:23:2:23:Infinity":3,"s:26:18:26:Infinity":4,"f:26:18:26:19":1,"s:26:58:26:Infinity":5,"s:27:18:27:Infinity":6,"f:27:18:27:19":2,"s:27:58:27:Infinity":7,"s:28:18:28:Infinity":8,"f:28:18:28:19":3,"s:28:58:28:Infinity":9}}}
,"/home/vmrad/core_projects/clearline/clearline7-monorepo/packages/components/src/document/Heading/index.ts": {"path":"/home/vmrad/core_projects/clearline/clearline7-monorepo/packages/components/src/document/Heading/index.ts","statementMap":{},"fnMap":{},"branchMap":{},"s":{},"f":{},"b":{},"meta":{"lastBranch":0,"lastFunction":0,"lastStatement":0,"seen":{}}}
,"/home/vmrad/core_projects/clearline/clearline7-monorepo/packages/components/src/document/List/List.tsx": {"path":"/home/vmrad/core_projects/clearline/clearline7-monorepo/packages/components/src/document/List/List.tsx","statementMap":{"0":{"start":{"line":11,"column":8},"end":{"line":11,"column":null}},"1":{"start":{"line":12,"column":14},"end":{"line":12,"column":null}},"2":{"start":{"line":14,"column":35},"end":{"line":22,"column":null}},"3":{"start":{"line":24,"column":2},"end":{"line":24,"column":null}},"4":{"start":{"line":28,"column":8},"end":{"line":28,"column":null}},"5":{"start":{"line":30,"column":35},"end":{"line":34,"column":null}},"6":{"start":{"line":36,"column":2},"end":{"line":36,"column":null}}},"fnMap":{"0":{"name":"List","decl":{"start":{"line":10,"column":16},"end":{"line":10,"column":21}},"loc":{"start":{"line":10,"column":70},"end":{"line":25,"column":null}},"line":10},"1":{"name":"ListItem","decl":{"start":{"line":27,"column":16},"end":{"line":27,"column":25}},"loc":{"start":{"line":27,"column":94},"end":{"line":37,"column":null}},"line":27}},"branchMap":{"0":{"loc":{"start":{"line":10,"column":33},"end":{"line":10,"column":50}},"type":"default-arg","locations":[{"start":{"line":10,"column":43},"end":{"line":10,"column":50}}],"line":10},"1":{"loc":{"start":{"line":12,"column":14},"end":{"line":12,"column":null}},"type":"cond-expr","locations":[{"start":{"line":12,"column":24},"end":{"line":12,"column":31}},{"start":{"line":12,"column":31},"end":{"line":12,"column":null}}],"line":12}},"s":{"0":38,"1":38,"2":38,"3":38,"4":65,"5":65,"6":65},"f":{"0":38,"1":65},"b":{"0":[38],"1":[10,28]},"meta":{"lastBranch":2,"lastFunction":2,"lastStatement":7,"seen":{"f:10:16:10:21":0,"b:10:43:10:50":0,"s:11:8:11:Infinity":0,"s:12:14:12:Infinity":1,"b:12:24:12:31:12:31:12:Infinity":1,"s:14:35:22:Infinity":2,"s:24:2:24:Infinity":3,"f:27:16:27:25":1,"s:28:8:28:Infinity":4,"s:30:35:34:Infinity":5,"s:36:2:36:Infinity":6}}}
,"/home/vmrad/core_projects/clearline/clearline7-monorepo/packages/components/src/document/List/index.ts": {"path":"/home/vmrad/core_projects/clearline/clearline7-monorepo/packages/components/src/document/List/index.ts","statementMap":{},"fnMap":{},"branchMap":{},"s":{},"f":{},"b":{},"meta":{"lastBranch":0,"lastFunction":0,"lastStatement":0,"seen":{}}}
,"/home/vmrad/core_projects/clearline/clearline7-monorepo/packages/components/src/document/Paragraph/Paragraph.tsx": {"path":"/home/vmrad/core_projects/clearline/clearline7-monorepo/packages/components/src/document/Paragraph/Paragraph.tsx","statementMap":{"0":{"start":{"line":10,"column":8},"end":{"line":10,"column":null}},"1":{"start":{"line":12,"column":35},"end":{"line":19,"column":null}},"2":{"start":{"line":21,"column":2},"end":{"line":21,"column":null}}},"fnMap":{"0":{"name":"Paragraph","decl":{"start":{"line":9,"column":16},"end":{"line":9,"column":26}},"loc":{"start":{"line":9,"column":63},"end":{"line":22,"column":null}},"line":9}},"branchMap":{},"s":{"0":68,"1":68,"2":68},"f":{"0":68},"b":{},"meta":{"lastBranch":0,"lastFunction":1,"lastStatement":3,"seen":{"f:9:16:9:26":0,"s:10:8:10:Infinity":0,"s:12:35:19:Infinity":1,"s:21:2:21:Infinity":2}}}
,"/home/vmrad/core_projects/clearline/clearline7-monorepo/packages/components/src/document/Paragraph/index.ts": {"path":"/home/vmrad/core_projects/clearline/clearline7-monorepo/packages/components/src/document/Paragraph/index.ts","statementMap":{},"fnMap":{},"branchMap":{},"s":{},"f":{},"b":{},"meta":{"lastBranch":0,"lastFunction":0,"lastStatement":0,"seen":{}}}
,"/home/vmrad/core_projects/clearline/clearline7-monorepo/packages/components/src/specimens/SpecimenSheet/SpecimenSheet.tsx": {"path":"/home/vmrad/core_projects/clearline/clearline7-monorepo/packages/components/src/specimens/SpecimenSheet/SpecimenSheet.tsx","statementMap":{"0":{"start":{"line":13,"column":2},"end":{"line":101,"column":null}}},"fnMap":{"0":{"name":"SpecimenSheet","decl":{"start":{"line":12,"column":16},"end":{"line":12,"column":30}},"loc":{"start":{"line":12,"column":90},"end":{"line":103,"column":null}},"line":12}},"branchMap":{"0":{"loc":{"start":{"line":12,"column":32},"end":{"line":12,"column":67}},"type":"default-arg","locations":[{"start":{"line":12,"column":40},"end":{"line":12,"column":67}}],"line":12}},"s":{"0":7},"f":{"0":7},"b":{"0":[7]},"meta":{"lastBranch":1,"lastFunction":1,"lastStatement":1,"seen":{"f:12:16:12:30":0,"b:12:40:12:67":0,"s:13:2:101:Infinity":0}}}
,"/home/vmrad/core_projects/clearline/clearline7-monorepo/packages/components/src/specimens/SpecimenSheet/index.ts": {"path":"/home/vmrad/core_projects/clearline/clearline7-monorepo/packages/components/src/specimens/SpecimenSheet/index.ts","statementMap":{},"fnMap":{},"branchMap":{},"s":{},"f":{},"b":{},"meta":{"lastBranch":0,"lastFunction":0,"lastStatement":0,"seen":{}}}
,"/home/vmrad/core_projects/clearline/clearline7-monorepo/packages/components/src/specimens/SpecimenSheet/motion.ts": {"path":"/home/vmrad/core_projects/clearline/clearline7-monorepo/packages/components/src/specimens/SpecimenSheet/motion.ts","statementMap":{"0":{"start":{"line":4,"column":35},"end":{"line":6,"column":null}}},"fnMap":{},"branchMap":{},"s":{"0":0},"f":{},"b":{},"meta":{"lastBranch":0,"lastFunction":0,"lastStatement":1,"seen":{"s:4:35:6:Infinity":0}}}
,"/home/vmrad/core_projects/clearline/clearline7-monorepo/packages/components/src/ui/Button/Button.tsx": {"path":"/home/vmrad/core_projects/clearline/clearline7-monorepo/packages/components/src/ui/Button/Button.tsx","statementMap":{"0":{"start":{"line":17,"column":8},"end":{"line":17,"column":null}},"1":{"start":{"line":19,"column":21},"end":{"line":23,"column":null}},"2":{"start":{"line":25,"column":24},"end":{"line":41,"column":null}},"3":{"start":{"line":43,"column":20},"end":{"line":51,"column":null}},"4":{"start":{"line":53,"column":2},"end":{"line":56,"column":null}}},"fnMap":{"0":{"name":"Button","decl":{"start":{"line":10,"column":16},"end":{"line":10,"column":23}},"loc":{"start":{"line":16,"column":16},"end":{"line":58,"column":null}},"line":16}},"branchMap":{"0":{"loc":{"start":{"line":11,"column":2},"end":{"line":11,"column":null}},"type":"default-arg","locations":[{"start":{"line":11,"column":12},"end":{"line":11,"column":null}}],"line":11},"1":{"loc":{"start":{"line":12,"column":2},"end":{"line":12,"column":null}},"type":"default-arg","locations":[{"start":{"line":12,"column":9},"end":{"line":12,"column":null}}],"line":12}},"s":{"0":6,"1":6,"2":6,"3":6,"4":6},"f":{"0":6},"b":{"0":[6],"1":[6]},"meta":{"lastBranch":2,"lastFunction":1,"lastStatement":5,"seen":{"f:10:16:10:23":0,"b:11:12:11:Infinity":0,"b:12:9:12:Infinity":1,"s:17:8:17:Infinity":0,"s:19:21:23:Infinity":1,"s:25:24:41:Infinity":2,"s:43:20:51:Infinity":3,"s:53:2:56:Infinity":4}}}
,"/home/vmrad/core_projects/clearline/clearline7-monorepo/packages/components/src/ui/Button/index.ts": {"path":"/home/vmrad/core_projects/clearline/clearline7-monorepo/packages/components/src/ui/Button/index.ts","statementMap":{},"fnMap":{},"branchMap":{},"s":{},"f":{},"b":{},"meta":{"lastBranch":0,"lastFunction":0,"lastStatement":0,"seen":{}}}
,"/home/vmrad/core_projects/clearline/clearline7-monorepo/packages/components/src/ui/Button/motion.ts": {"path":"/home/vmrad/core_projects/clearline/clearline7-monorepo/packages/components/src/ui/Button/motion.ts","statementMap":{"0":{"start":{"line":1,"column":28},"end":{"line":4,"column":null}}},"fnMap":{},"branchMap":{},"s":{"0":0},"f":{},"b":{},"meta":{"lastBranch":0,"lastFunction":0,"lastStatement":1,"seen":{"s:1:28:4:Infinity":0}}}
,"/home/vmrad/core_projects/clearline/clearline7-monorepo/packages/components/src/ui/Footer/Footer.tsx": {"path":"/home/vmrad/core_projects/clearline/clearline7-monorepo/packages/components/src/ui/Footer/Footer.tsx","statementMap":{"0":{"start":{"line":10,"column":8},"end":{"line":10,"column":null}},"1":{"start":{"line":12,"column":35},"end":{"line":20,"column":null}},"2":{"start":{"line":22,"column":2},"end":{"line":25,"column":null}}},"fnMap":{"0":{"name":"Footer","decl":{"start":{"line":9,"column":16},"end":{"line":9,"column":23}},"loc":{"start":{"line":9,"column":57},"end":{"line":27,"column":null}},"line":9}},"branchMap":{},"s":{"0":2,"1":2,"2":2},"f":{"0":2},"b":{},"meta":{"lastBranch":0,"lastFunction":1,"lastStatement":3,"seen":{"f:9:16:9:23":0,"s:10:8:10:Infinity":0,"s:12:35:20:Infinity":1,"s:22:2:25:Infinity":2}}}
,"/home/vmrad/core_projects/clearline/clearline7-monorepo/packages/components/src/ui/Footer/index.ts": {"path":"/home/vmrad/core_projects/clearline/clearline7-monorepo/packages/components/src/ui/Footer/index.ts","statementMap":{},"fnMap":{},"branchMap":{},"s":{},"f":{},"b":{},"meta":{"lastBranch":0,"lastFunction":0,"lastStatement":0,"seen":{}}}
,"/home/vmrad/core_projects/clearline/clearline7-monorepo/packages/components/src/ui/Footer/motion.ts": {"path":"/home/vmrad/core_projects/clearline/clearline7-monorepo/packages/components/src/ui/Footer/motion.ts","statementMap":{"0":{"start":{"line":1,"column":28},"end":{"line":4,"column":null}}},"fnMap":{},"branchMap":{},"s":{"0":0},"f":{},"b":{},"meta":{"lastBranch":0,"lastFunction":0,"lastStatement":1,"seen":{"s:1:28:4:Infinity":0}}}
,"/home/vmrad/core_projects/clearline/clearline7-monorepo/packages/components/src/ui/Header/Header.tsx": {"path":"/home/vmrad/core_projects/clearline/clearline7-monorepo/packages/components/src/ui/Header/Header.tsx","statementMap":{"0":{"start":{"line":11,"column":8},"end":{"line":11,"column":null}},"1":{"start":{"line":13,"column":35},"end":{"line":22,"column":null}},"2":{"start":{"line":24,"column":2},"end":{"line":28,"column":null}}},"fnMap":{"0":{"name":"Header","decl":{"start":{"line":10,"column":16},"end":{"line":10,"column":23}},"loc":{"start":{"line":10,"column":63},"end":{"line":30,"column":null}},"line":10}},"branchMap":{"0":{"loc":{"start":{"line":26,"column":7},"end":{"line":26,"column":null}},"type":"binary-expr","locations":[{"start":{"line":26,"column":7},"end":{"line":26,"column":15}},{"start":{"line":26,"column":15},"end":{"line":26,"column":null}}],"line":26}},"s":{"0":3,"1":3,"2":3},"f":{"0":3},"b":{"0":[3,1]},"meta":{"lastBranch":1,"lastFunction":1,"lastStatement":3,"seen":{"f:10:16:10:23":0,"s:11:8:11:Infinity":0,"s:13:35:22:Infinity":1,"s:24:2:28:Infinity":2,"b:26:7:26:15:26:15:26:Infinity":0}}}
,"/home/vmrad/core_projects/clearline/clearline7-monorepo/packages/components/src/ui/Header/index.ts": {"path":"/home/vmrad/core_projects/clearline/clearline7-monorepo/packages/components/src/ui/Header/index.ts","statementMap":{},"fnMap":{},"branchMap":{},"s":{},"f":{},"b":{},"meta":{"lastBranch":0,"lastFunction":0,"lastStatement":0,"seen":{}}}
,"/home/vmrad/core_projects/clearline/clearline7-monorepo/packages/components/src/ui/Header/motion.ts": {"path":"/home/vmrad/core_projects/clearline/clearline7-monorepo/packages/components/src/ui/Header/motion.ts","statementMap":{"0":{"start":{"line":1,"column":28},"end":{"line":4,"column":null}}},"fnMap":{},"branchMap":{},"s":{"0":0},"f":{},"b":{},"meta":{"lastBranch":0,"lastFunction":0,"lastStatement":1,"seen":{"s:1:28:4:Infinity":0}}}
,"/home/vmrad/core_projects/clearline/clearline7-monorepo/packages/components/src/ui/Navigation/Navigation.tsx": {"path":"/home/vmrad/core_projects/clearline/clearline7-monorepo/packages/components/src/ui/Navigation/Navigation.tsx","statementMap":{"0":{"start":{"line":17,"column":8},"end":{"line":17,"column":null}},"1":{"start":{"line":19,"column":35},"end":{"line":28,"column":null}},"2":{"start":{"line":30,"column":2},"end":{"line":33,"column":null}},"3":{"start":{"line":38,"column":8},"end":{"line":38,"column":null}},"4":{"start":{"line":40,"column":35},"end":{"line":45,"column":null}},"5":{"start":{"line":47,"column":2},"end":{"line":47,"column":null}}},"fnMap":{"0":{"name":"Navigation","decl":{"start":{"line":16,"column":16},"end":{"line":16,"column":27}},"loc":{"start":{"line":16,"column":93},"end":{"line":35,"column":null}},"line":16},"1":{"name":"NavItem","decl":{"start":{"line":37,"column":16},"end":{"line":37,"column":24}},"loc":{"start":{"line":37,"column":75},"end":{"line":48,"column":null}},"line":37}},"branchMap":{"0":{"loc":{"start":{"line":16,"column":39},"end":{"line":16,"column":67}},"type":"default-arg","locations":[{"start":{"line":16,"column":53},"end":{"line":16,"column":67}}],"line":16},"1":{"loc":{"start":{"line":21,"column":19},"end":{"line":21,"column":null}},"type":"cond-expr","locations":[{"start":{"line":21,"column":50},"end":{"line":21,"column":58}},{"start":{"line":21,"column":58},"end":{"line":21,"column":null}}],"line":21},"2":{"loc":{"start":{"line":37,"column":36},"end":{"line":37,"column":52}},"type":"default-arg","locations":[{"start":{"line":37,"column":45},"end":{"line":37,"column":52}}],"line":37},"3":{"loc":{"start":{"line":41,"column":11},"end":{"line":41,"column":null}},"type":"cond-expr","locations":[{"start":{"line":41,"column":20},"end":{"line":41,"column":43}},{"start":{"line":41,"column":43},"end":{"line":41,"column":null}}],"line":41},"4":{"loc":{"start":{"line":42,"column":16},"end":{"line":42,"column":null}},"type":"cond-expr","locations":[{"start":{"line":42,"column":25},"end":{"line":42,"column":34}},{"start":{"line":42,"column":34},"end":{"line":42,"column":null}}],"line":42}},"s":{"0":3,"1":3,"2":3,"3":5,"4":5,"5":5},"f":{"0":3,"1":5},"b":{"0":[3],"1":[3,0],"2":[5],"3":[1,4],"4":[1,4]},"meta":{"lastBranch":5,"lastFunction":2,"lastStatement":6,"seen":{"f:16:16:16:27":0,"b:16:53:16:67":0,"s:17:8:17:Infinity":0,"s:19:35:28:Infinity":1,"b:21:50:21:58:21:58:21:Infinity":1,"s:30:2:33:Infinity":2,"f:37:16:37:24":1,"b:37:45:37:52":2,"s:38:8:38:Infinity":3,"s:40:35:45:Infinity":4,"b:41:20:41:43:41:43:41:Infinity":3,"b:42:25:42:34:42:34:42:Infinity":4,"s:47:2:47:Infinity":5}}}
,"/home/vmrad/core_projects/clearline/clearline7-monorepo/packages/components/src/ui/Navigation/index.ts": {"path":"/home/vmrad/core_projects/clearline/clearline7-monorepo/packages/components/src/ui/Navigation/index.ts","statementMap":{},"fnMap":{},"branchMap":{},"s":{},"f":{},"b":{},"meta":{"lastBranch":0,"lastFunction":0,"lastStatement":0,"seen":{}}}
,"/home/vmrad/core_projects/clearline/clearline7-monorepo/packages/components/src/ui/Navigation/motion.ts": {"path":"/home/vmrad/core_projects/clearline/clearline7-monorepo/packages/components/src/ui/Navigation/motion.ts","statementMap":{"0":{"start":{"line":1,"column":32},"end":{"line":7,"column":null}}},"fnMap":{},"branchMap":{},"s":{"0":0},"f":{},"b":{},"meta":{"lastBranch":0,"lastFunction":0,"lastStatement":1,"seen":{"s:1:32:7:Infinity":0}}}
}
