{"/home/vmrad/core_projects/clearline/clearline7-monorepo/packages/theme/src/ThemeContext.tsx": {"path":"/home/vmrad/core_projects/clearline/clearline7-monorepo/packages/theme/src/ThemeContext.tsx","statementMap":{"0":{"start":{"line":8,"column":6},"end":{"line":8,"column":null}},"1":{"start":{"line":11,"column":8},"end":{"line":11,"column":null}},"2":{"start":{"line":12,"column":2},"end":{"line":14,"column":null}},"3":{"start":{"line":13,"column":4},"end":{"line":13,"column":null}},"4":{"start":{"line":15,"column":2},"end":{"line":15,"column":null}},"5":{"start":{"line":24,"column":2},"end":{"line":27,"column":null}}},"fnMap":{"0":{"name":"useTheme","decl":{"start":{"line":10,"column":16},"end":{"line":10,"column":27}},"loc":{"start":{"line":10,"column":27},"end":{"line":16,"column":null}},"line":10},"1":{"name":"ThemeProvider","decl":{"start":{"line":23,"column":16},"end":{"line":23,"column":30}},"loc":{"start":{"line":23,"column":79},"end":{"line":29,"column":null}},"line":23}},"branchMap":{"0":{"loc":{"start":{"line":12,"column":2},"end":{"line":14,"column":null}},"type":"if","locations":[{"start":{"line":12,"column":2},"end":{"line":14,"column":null}},{"start":{},"end":{}}],"line":12}},"s":{"0":1,"1":18,"2":18,"3":2,"4":15,"5":15},"f":{"0":18,"1":15},"b":{"0":[2,16]},"meta":{"lastBranch":1,"lastFunction":2,"lastStatement":6,"seen":{"s:8:6:8:Infinity":0,"f:10:16:10:27":0,"s:11:8:11:Infinity":1,"b:12:2:14:Infinity:undefined:undefined:undefined:undefined":0,"s:12:2:14:Infinity":2,"s:13:4:13:Infinity":3,"s:15:2:15:Infinity":4,"f:23:16:23:30":1,"s:24:2:27:Infinity":5}}}
,"/home/vmrad/core_projects/clearline/clearline7-monorepo/packages/theme/src/useSetDefinitionCSS.tsx": {"path":"/home/vmrad/core_projects/clearline/clearline7-monorepo/packages/theme/src/useSetDefinitionCSS.tsx","statementMap":{"0":{"start":{"line":5,"column":2},"end":{"line":20,"column":null}},"1":{"start":{"line":6,"column":20},"end":{"line":6,"column":null}},"2":{"start":{"line":7,"column":23},"end":{"line":7,"column":null}},"3":{"start":{"line":9,"column":4},"end":{"line":13,"column":null}},"4":{"start":{"line":10,"column":6},"end":{"line":10,"column":null}},"5":{"start":{"line":11,"column":6},"end":{"line":11,"column":null}},"6":{"start":{"line":12,"column":6},"end":{"line":12,"column":null}},"7":{"start":{"line":15,"column":4},"end":{"line":15,"column":null}},"8":{"start":{"line":17,"column":4},"end":{"line":19,"column":null}}},"fnMap":{"0":{"name":"useSetDefinitionCSS","decl":{"start":{"line":4,"column":16},"end":{"line":4,"column":36}},"loc":{"start":{"line":4,"column":66},"end":{"line":21,"column":null}},"line":4},"1":{"name":"(anonymous_1)","decl":{"start":{"line":5,"column":12},"end":{"line":5,"column":18}},"loc":{"start":{"line":5,"column":18},"end":{"line":20,"column":5}},"line":5},"2":{"name":"(anonymous_2)","decl":{"start":{"line":17,"column":11},"end":{"line":17,"column":17}},"loc":{"start":{"line":17,"column":17},"end":{"line":19,"column":null}},"line":17}},"branchMap":{"0":{"loc":{"start":{"line":9,"column":4},"end":{"line":13,"column":null}},"type":"if","locations":[{"start":{"line":9,"column":4},"end":{"line":13,"column":null}},{"start":{},"end":{}}],"line":9}},"s":{"0":24,"1":24,"2":24,"3":24,"4":11,"5":11,"6":11,"7":24,"8":24},"f":{"0":24,"1":24,"2":24},"b":{"0":[11,13]},"meta":{"lastBranch":1,"lastFunction":3,"lastStatement":9,"seen":{"f:4:16:4:36":0,"s:5:2:20:Infinity":0,"f:5:12:5:18":1,"s:6:20:6:Infinity":1,"s:7:23:7:Infinity":2,"b:9:4:13:Infinity:undefined:undefined:undefined:undefined":0,"s:9:4:13:Infinity":3,"s:10:6:10:Infinity":4,"s:11:6:11:Infinity":5,"s:12:6:12:Infinity":6,"s:15:4:15:Infinity":7,"s:17:4:19:Infinity":8,"f:17:11:17:17":2}}}
}
